<?xml version="1.0" encoding="UTF-8"?>
<!-- Generated by org.testng.reporters.JUnitReportReporter -->
<testsuite skipped="0" hostname="DESKTOP-97E01BO" name="Activity1" tests="3" failures="0" timestamp="2021-05-24T10:33:04 IST" time="13.077" errors="0">
  <testcase name="addNewPet" time="9.218" classname="Activity1"/>
  <system-out/>
  <testcase name="getPetInfo" time="2.203" classname="Activity1"/>
  <system-out/>
  <testcase name="deletePet" time="1.656" classname="Activity1"/>
  <system-out/>
</testsuite> <!-- Activity1 -->
