<?xml version="1.0" encoding="UTF-8"?>
<!-- Generated by org.testng.reporters.JUnitReportReporter -->
<testsuite skipped="0" hostname="DESKTOP-97E01BO" name="Activity3" tests="5" failures="0" timestamp="2021-05-24T10:31:38 IST" time="16.174" errors="0">
  <testcase name="addPets" time="8.604" classname="Activity3"/>
  <system-out/>
  <testcase name="getPets" time="2.083" classname="Activity3"/>
  <system-out/>
  <testcase name="getPets" time="2.346" classname="Activity3"/>
  <system-out/>
  <testcase name="deletePets" time="1.530" classname="Activity3"/>
  <system-out/>
  <testcase name="deletePets" time="1.611" classname="Activity3"/>
  <system-out/>
</testsuite> <!-- Activity3 -->
