<?xml version="1.0" encoding="UTF-8"?>
<!-- Generated by org.testng.reporters.JUnitReportReporter -->
<testsuite skipped="0" hostname="DESKTOP-97E01BO" name="GitHub_RestAssured_Project" tests="3" failures="0" timestamp="2021-05-25T11:03:55 IST" time="5.364" errors="0">
  <testcase name="addKeys" time="4.260" classname="GitHub_RestAssured_Project"/>
  <system-out/>
  <testcase name="getKeys" time="0.554" classname="GitHub_RestAssured_Project"/>
  <system-out/>
  <testcase name="deleteKeys" time="0.550" classname="GitHub_RestAssured_Project"/>
  <system-out/>
</testsuite> <!-- GitHub_RestAssured_Project -->
